Copyright 1986-2021 Xilinx, Inc. All Rights Reserved.
--------------------------------------------------------------------------------------------
| Tool Version : Vivado v.2021.2 (lin64) Build 3367213 Tue Oct 19 02:47:39 MDT 2021
| Date         : Thu Apr 21 12:10:55 2022
| Host         : pioneer running 64-bit Ubuntu 21.04
| Command      : report_clock_utilization -file system_wrapper_clock_utilization_routed.rpt
| Design       : system_wrapper
| Device       : 7z020-clg400
| Speed File   : -1  PRODUCTION 1.12 2019-11-22
| Design State : Routed
--------------------------------------------------------------------------------------------

Clock Utilization Report

Table of Contents
-----------------
1. Clock Primitive Utilization
2. Global Clock Resources
3. Global Clock Source Details
4. Local Clock Details
5. Clock Regions: Key Resource Utilization
6. Clock Regions : Global Clock Summary
7. Device Cell Placement Summary for Global Clock g0
8. Device Cell Placement Summary for Global Clock g1
9. Device Cell Placement Summary for Global Clock g2
10. Device Cell Placement Summary for Global Clock g3
11. Device Cell Placement Summary for Global Clock g4
12. Device Cell Placement Summary for Global Clock g5
13. Clock Region Cell Placement per Global Clock: Region X0Y0
14. Clock Region Cell Placement per Global Clock: Region X1Y0
15. Clock Region Cell Placement per Global Clock: Region X0Y1
16. Clock Region Cell Placement per Global Clock: Region X1Y1
17. Clock Region Cell Placement per Global Clock: Region X0Y2
18. Clock Region Cell Placement per Global Clock: Region X1Y2

1. Clock Primitive Utilization
------------------------------

+----------+------+-----------+-----+--------------+--------+
| Type     | Used | Available | LOC | Clock Region | Pblock |
+----------+------+-----------+-----+--------------+--------+
| BUFGCTRL |    4 |        32 |   0 |            0 |      0 |
| BUFH     |    0 |        72 |   0 |            0 |      0 |
| BUFIO    |    2 |        16 |   1 |            0 |      0 |
| BUFMR    |    0 |         8 |   0 |            0 |      0 |
| BUFR     |    2 |        16 |   0 |            0 |      0 |
| MMCM     |    2 |         4 |   0 |            0 |      0 |
| PLL      |    0 |         4 |   0 |            0 |      0 |
+----------+------+-----------+-----+--------------+--------+


2. Global Clock Resources
-------------------------

+-----------+-----------+-----------------+------------+----------------+--------------+-------------------+-------------+-----------------+--------------+-----------------------------+------------------------------------------------------------------------+-------------------------------------------------------+
| Global Id | Source Id | Driver Type/Pin | Constraint | Site           | Clock Region | Load Clock Region | Clock Loads | Non-Clock Loads | Clock Period | Clock                       | Driver Pin                                                             | Net                                                   |
+-----------+-----------+-----------------+------------+----------------+--------------+-------------------+-------------+-----------------+--------------+-----------------------------+------------------------------------------------------------------------+-------------------------------------------------------+
| g0        | src0      | BUFR/O          | None       | BUFR_X1Y8      | X1Y2         |                 1 |       13869 |               0 |        6.734 | pixel_dynclk                | system_i/DVIClocking_0/U0/PixelClkBuffer/O                             | system_i/DVIClocking_0/U0/PixelClk                    |
| g1        | src1      | BUFG/O          | None       | BUFGCTRL_X0Y0  | n/a          |                 6 |        5119 |               0 |        6.667 | clk_out2_system_clk_wiz_0_0 | system_i/clk_wiz_0/inst/clkout2_buf/O                                  | system_i/clk_wiz_0/inst/clk_out2                      |
| g2        | src2      | BUFG/O          | None       | BUFGCTRL_X0Y1  | n/a          |                 6 |        4178 |               0 |       20.000 | clk_out1_system_clk_wiz_0_0 | system_i/clk_wiz_0/inst/clkout1_buf/O                                  | system_i/clk_wiz_0/inst/clk_out1                      |
| g3        | src3      | BUFR/O          | None       | BUFR_X1Y9      | X1Y2         |                 1 |         302 |               0 |       19.044 | MIPI_D_PHY_RX_0_RxByteClkHS | system_i/MIPI_D_PHY_RX_0/U0/ClockLane/HSClockingX/DivClkBuffer/O       | system_i/MIPI_D_PHY_RX_0/U0/ClockLane/HSClockingX/CLK |
| g4        | src4      | BUFG/O          | None       | BUFGCTRL_X0Y2  | n/a          |                 4 |         138 |               0 |        5.000 | clk_out3_system_clk_wiz_0_0 | system_i/clk_wiz_0/inst/clkout3_buf/O                                  | system_i/clk_wiz_0/inst/clk_out3                      |
| g5        | src5      | BUFG/O          | None       | BUFGCTRL_X0Y16 | n/a          |                 2 |           2 |               0 |       10.000 | clk_fpga_0                  | system_i/processing_system7_0/inst/buffer_fclk_clk_0.FCLK_CLK_0_BUFG/O | system_i/processing_system7_0/inst/FCLK_CLK0          |
+-----------+-----------+-----------------+------------+----------------+--------------+-------------------+-------------+-----------------+--------------+-----------------------------+------------------------------------------------------------------------+-------------------------------------------------------+
* Clock Loads column represents the clock pin loads (pin count)
** Non-Clock Loads column represents the non-clock pin loads (pin count)


3. Global Clock Source Details
------------------------------

+-----------+-----------+--------------------+---------------+-----------------+--------------+-------------+-----------------+---------------------+-----------------------------+--------------------------------------------------------------------------+---------------------------------------------------------------+
| Source Id | Global Id | Driver Type/Pin    | Constraint    | Site            | Clock Region | Clock Loads | Non-Clock Loads | Source Clock Period | Source Clock                | Driver Pin                                                               | Net                                                           |
+-----------+-----------+--------------------+---------------+-----------------+--------------+-------------+-----------------+---------------------+-----------------------------+--------------------------------------------------------------------------+---------------------------------------------------------------+
| src0      | g0        | MMCME2_ADV/CLKOUT0 | None          | MMCME2_ADV_X1Y2 | X1Y2         |           2 |               0 |               1.667 | video_dynclk                | system_i/video_dynclk/inst/CLK_CORE_DRP_I/clk_inst/mmcm_adv_inst/CLKOUT0 | system_i/video_dynclk/inst/CLK_CORE_DRP_I/clk_inst/pxl_clk_5x |
| src1      | g1        | MMCME2_ADV/CLKOUT1 | None          | MMCME2_ADV_X1Y0 | X1Y0         |           1 |               0 |               6.667 | clk_out2_system_clk_wiz_0_0 | system_i/clk_wiz_0/inst/mmcm_adv_inst/CLKOUT1                            | system_i/clk_wiz_0/inst/clk_out2_system_clk_wiz_0_0           |
| src2      | g2        | MMCME2_ADV/CLKOUT0 | None          | MMCME2_ADV_X1Y0 | X1Y0         |           1 |               0 |              20.000 | clk_out1_system_clk_wiz_0_0 | system_i/clk_wiz_0/inst/mmcm_adv_inst/CLKOUT0                            | system_i/clk_wiz_0/inst/clk_out1_system_clk_wiz_0_0           |
| src3      | g3        | IDELAYE2/DATAOUT   | IDELAY_X1Y122 | IDELAY_X1Y122   | X1Y2         |           2 |               0 |               4.761 | dphy_hs_clock_p             | system_i/MIPI_D_PHY_RX_0/U0/ClockLane/HSClockingX/InputDelay/DATAOUT     | system_i/MIPI_D_PHY_RX_0/U0/ClockLane/HSClockingX/HS_ClockDly |
| src4      | g4        | MMCME2_ADV/CLKOUT2 | None          | MMCME2_ADV_X1Y0 | X1Y0         |           1 |               0 |               5.000 | clk_out3_system_clk_wiz_0_0 | system_i/clk_wiz_0/inst/mmcm_adv_inst/CLKOUT2                            | system_i/clk_wiz_0/inst/clk_out3_system_clk_wiz_0_0           |
| src5      | g5        | PS7/FCLKCLK[0]     | PS7_X0Y0      | PS7_X0Y0        | X0Y2         |           1 |               0 |              10.000 | clk_fpga_0                  | system_i/processing_system7_0/inst/PS7_i/FCLKCLK[0]                      | system_i/processing_system7_0/inst/FCLK_CLK_unbuffered[0]     |
+-----------+-----------+--------------------+---------------+-----------------+--------------+-------------+-----------------+---------------------+-----------------------------+--------------------------------------------------------------------------+---------------------------------------------------------------+
* Clock Loads column represents the clock pin loads (pin count)
** Non-Clock Loads column represents the non-clock pin loads (pin count)


4. Local Clock Details
----------------------

+----------+-----------------+------------+--------------------+--------------+-------------+-----------------+--------------+-------+----------------------------------------------------------------------------------------------------+----------------------------------------------------------------------------------------------------+
| Local Id | Driver Type/Pin | Constraint | Site/BEL           | Clock Region | Clock Loads | Non-Clock Loads | Clock Period | Clock | Driver Pin                                                                                         | Net                                                                                                |
+----------+-----------------+------------+--------------------+--------------+-------------+-----------------+--------------+-------+----------------------------------------------------------------------------------------------------+----------------------------------------------------------------------------------------------------||
| 0        | FDCE/Q          | None       | SLICE_X39Y119/AFF  | X0Y2         |          13 |               1 |              |       | system_i/motor_steer_ctrl_0/U0/motor_steer_ctrl_v1_0_S00_AXI_inst/themap/steer/div/clk200khz_reg/Q | system_i/motor_steer_ctrl_0/U0/motor_steer_ctrl_v1_0_S00_AXI_inst/themap/steer/div/clk             - Static -
| 1        | FDCE/Q          | None       | SLICE_X43Y113/AFF  | X0Y2         |          10 |               1 |              |       | system_i/motor_steer_ctrl_0/U0/motor_steer_ctrl_v1_0_S00_AXI_inst/themap/motor/div/clk200khz_reg/Q | system_i/motor_steer_ctrl_0/U0/motor_steer_ctrl_v1_0_S00_AXI_inst/themap/motor/div/clk200khz_reg_0 - Static -
| 2        | FDRE/Q          | None       | SLICE_X100Y104/CFF | X1Y2         |          10 |               1 |              |       | system_i/v_axi4s_vid_out_0/inst/FORMATTER_INST/in_hsync_mux_reg/Q                                  | system_i/v_axi4s_vid_out_0/inst/FORMATTER_INST/vid_hsync                                           - Static -
+----------+-----------------+------------+--------------------+--------------+-------------+-----------------+--------------+-------+----------------------------------------------------------------------------------------------------+----------------------------------------------------------------------------------------------------||
* Local Clocks in this context represents only clocks driven by non-global buffers
** Clock Loads column represents the clock pin loads (pin count)
*** Non-Clock Loads column represents the non-clock pin loads (pin count)


5. Clock Regions: Key Resource Utilization
------------------------------------------

+-------------------+--------------+--------------+--------------+--------------+--------------+--------------+--------------+--------------+--------------+--------------+---------------+--------------+--------------+--------------+--------------+
|                   | Global Clock |     BUFRs    |    BUFMRs    |    BUFIOs    |     MMCM     |      PLL     |      GT      |      PCI     |    ILOGIC    |    OLOGIC    |       FF      |     LUTM     |    RAMB18    |    RAMB36    |    DSP48E2   |
+-------------------+------+-------+------+-------+------+-------+------+-------+------+-------+------+-------+------+-------+------+-------+------+-------+------+-------+-------+-------+------+-------+------+-------+------+-------+------+-------+
| Clock Region Name | Used | Avail | Used | Avail | Used | Avail | Used | Avail | Used | Avail | Used | Avail | Used | Avail | Used | Avail | Used | Avail | Used | Avail | Used  | Avail | Used | Avail | Used | Avail | Used | Avail | Used | Avail |
+-------------------+------+-------+------+-------+------+-------+------+-------+------+-------+------+-------+------+-------+------+-------+------+-------+------+-------+-------+-------+------+-------+------+-------+------+-------+------+-------+
| X0Y0              |    2 |    12 |    0 |     4 |    0 |     2 |    0 |     4 |    0 |     1 |    0 |     1 |    0 |     0 |    0 |     0 |    0 |    50 |    0 |    50 |  1006 |  2500 |  466 |  1000 |    0 |    60 |    2 |    30 |    0 |    60 |
| X1Y0              |    3 |    12 |    0 |     4 |    0 |     2 |    0 |     4 |    1 |     1 |    0 |     1 |    0 |     0 |    0 |     0 |    0 |    50 |    0 |    50 |   290 |  3200 |   84 |   850 |    0 |    60 |    1 |    30 |    0 |    40 |
| X0Y1              |    3 |    12 |    0 |     0 |    0 |     0 |    0 |     0 |    0 |     0 |    0 |     0 |    0 |     0 |    0 |     0 |    0 |     0 |    0 |     0 |  2986 |  1200 | 1224 |   400 |    0 |    20 |    2 |    10 |    0 |    20 |
| X1Y1              |    3 |    12 |    0 |     4 |    0 |     2 |    0 |     4 |    0 |     1 |    0 |     1 |    0 |     0 |    0 |     0 |    0 |    50 |    0 |    50 |  4050 |  2600 | 1248 |   850 |    0 |    60 |    1 |    30 |    0 |    40 |
| X0Y2              |    3 |    12 |    0 |     0 |    0 |     0 |    0 |     0 |    0 |     0 |    0 |     0 |    0 |     0 |    0 |     0 |    0 |     0 |    0 |     0 |   732 |  1200 |  242 |   400 |    0 |    20 |    1 |    10 |    0 |    20 |
| X1Y2              |    8 |    12 |    2 |     4 |    0 |     2 |    2 |     4 |    1 |     1 |    0 |     1 |    0 |     0 |    0 |     0 |    6 |    50 |    8 |    50 | 14139 |  2600 | 4639 |   850 |    0 |    60 |    1 |    30 |    4 |    40 |
+-------------------+------+-------+------+-------+------+-------+------+-------+------+-------+------+-------+------+-------+------+-------+------+-------+------+-------+-------+-------+------+-------+------+-------+------+-------+------+-------+
* Global Clock column represents track count; while other columns represents cell counts


6. Clock Regions : Global Clock Summary
---------------------------------------

All Modules
+----+----+----+
|    | X0 | X1 |
+----+----+----+
| Y2 |  3 |  8 |
| Y1 |  3 |  3 |
| Y0 |  2 |  3 |
+----+----+----+


7. Device Cell Placement Summary for Global Clock g0
----------------------------------------------------

+-----------+-----------------+-------------------+--------------+-------------+---------------+-------------+----------+----------------+----------+------------------------------------+
| Global Id | Driver Type/Pin | Driver Region (D) | Clock        | Period (ns) | Waveform (ns) | Slice Loads | IO Loads | Clocking Loads | GT Loads | Net                                |
+-----------+-----------------+-------------------+--------------+-------------+---------------+-------------+----------+----------------+----------+------------------------------------+
| g0        | BUFR/O          | X1Y2              | pixel_dynclk |       6.734 | {0.000 3.367} |       13861 |        8 |              0 |        0 | system_i/DVIClocking_0/U0/PixelClk |
+-----------+-----------------+-------------------+--------------+-------------+---------------+-------------+----------+----------------+----------+------------------------------------+
* Slice Loads column represents load cell count of all cell types other than IO, GT and clock resources
** IO Loads column represents load cell count of IO types
*** Clocking Loads column represents load cell count that are clock resources (global clock buffer, MMCM, PLL, etc)
**** GT Loads column represents load cell count of GT types


+----+----+------------+-----------------------+
|    | X0 | X1         | HORIZONTAL PROG DELAY |
+----+----+------------+-----------------------+
| Y2 |  0 |  (D) 13869 |                     0 |
| Y1 |  0 |          0 |                     - |
| Y0 |  0 |          0 |                     - |
+----+----+------------+-----------------------+


8. Device Cell Placement Summary for Global Clock g1
----------------------------------------------------

+-----------+-----------------+-------------------+-----------------------------+-------------+---------------+-------------+----------+----------------+----------+----------------------------------+
| Global Id | Driver Type/Pin | Driver Region (D) | Clock                       | Period (ns) | Waveform (ns) | Slice Loads | IO Loads | Clocking Loads | GT Loads | Net                              |
+-----------+-----------------+-------------------+-----------------------------+-------------+---------------+-------------+----------+----------------+----------+----------------------------------+
| g1        | BUFG/O          | n/a               | clk_out2_system_clk_wiz_0_0 |       6.667 | {0.000 3.333} |        5101 |        0 |              0 |        0 | system_i/clk_wiz_0/inst/clk_out2 |
+-----------+-----------------+-------------------+-----------------------------+-------------+---------------+-------------+----------+----------------+----------+----------------------------------+
* Slice Loads column represents load cell count of all cell types other than IO, GT and clock resources
** IO Loads column represents load cell count of IO types
*** Clocking Loads column represents load cell count that are clock resources (global clock buffer, MMCM, PLL, etc)
**** GT Loads column represents load cell count of GT types


+----+-------+-------+-----------------------+
|    | X0    | X1    | HORIZONTAL PROG DELAY |
+----+-------+-------+-----------------------+
| Y2 |   337 |    11 |                     0 |
| Y1 |  2014 |  1425 |                     0 |
| Y0 |  1054 |   260 |                     0 |
+----+-------+-------+-----------------------+


9. Device Cell Placement Summary for Global Clock g2
----------------------------------------------------

+-----------+-----------------+-------------------+-----------------------------+-------------+----------------+-------------+----------+----------------+----------+----------------------------------+
| Global Id | Driver Type/Pin | Driver Region (D) | Clock                       | Period (ns) | Waveform (ns)  | Slice Loads | IO Loads | Clocking Loads | GT Loads | Net                              |
+-----------+-----------------+-------------------+-----------------------------+-------------+----------------+-------------+----------+----------------+----------+----------------------------------+
| g2        | BUFG/O          | n/a               | clk_out1_system_clk_wiz_0_0 |      20.000 | {0.000 10.000} |        4177 |        0 |              1 |        0 | system_i/clk_wiz_0/inst/clk_out1 |
+-----------+-----------------+-------------------+-----------------------------+-------------+----------------+-------------+----------+----------------+----------+----------------------------------+
* Slice Loads column represents load cell count of all cell types other than IO, GT and clock resources
** IO Loads column represents load cell count of IO types
*** Clocking Loads column represents load cell count that are clock resources (global clock buffer, MMCM, PLL, etc)
**** GT Loads column represents load cell count of GT types


+----+-------+-------+-----------------------+
|    | X0    | X1    | HORIZONTAL PROG DELAY |
+----+-------+-------+-----------------------+
| Y2 |   271 |     1 |                     0 |
| Y1 |  1234 |  2608 |                     0 |
| Y0 |    32 |    32 |                     0 |
+----+-------+-------+-----------------------+


10. Device Cell Placement Summary for Global Clock g3
-----------------------------------------------------

+-----------+-----------------+-------------------+-----------------------------+-------------+---------------+-------------+----------+----------------+----------+-------------------------------------------------------+
| Global Id | Driver Type/Pin | Driver Region (D) | Clock                       | Period (ns) | Waveform (ns) | Slice Loads | IO Loads | Clocking Loads | GT Loads | Net                                                   |
+-----------+-----------------+-------------------+-----------------------------+-------------+---------------+-------------+----------+----------------+----------+-------------------------------------------------------+
| g3        | BUFR/O          | X1Y2              | MIPI_D_PHY_RX_0_RxByteClkHS |      19.044 | {0.000 9.522} |         285 |        6 |              0 |        0 | system_i/MIPI_D_PHY_RX_0/U0/ClockLane/HSClockingX/CLK |
+-----------+-----------------+-------------------+-----------------------------+-------------+---------------+-------------+----------+----------------+----------+-------------------------------------------------------+
* Slice Loads column represents load cell count of all cell types other than IO, GT and clock resources
** IO Loads column represents load cell count of IO types
*** Clocking Loads column represents load cell count that are clock resources (global clock buffer, MMCM, PLL, etc)
**** GT Loads column represents load cell count of GT types


+----+----+----------+-----------------------+
|    | X0 | X1       | HORIZONTAL PROG DELAY |
+----+----+----------+-----------------------+
| Y2 |  0 |  (D) 291 |                     0 |
| Y1 |  0 |        0 |                     - |
| Y0 |  0 |        0 |                     - |
+----+----+----------+-----------------------+


11. Device Cell Placement Summary for Global Clock g4
-----------------------------------------------------

+-----------+-----------------+-------------------+-----------------------------+-------------+---------------+-------------+----------+----------------+----------+----------------------------------+
| Global Id | Driver Type/Pin | Driver Region (D) | Clock                       | Period (ns) | Waveform (ns) | Slice Loads | IO Loads | Clocking Loads | GT Loads | Net                              |
+-----------+-----------------+-------------------+-----------------------------+-------------+---------------+-------------+----------+----------------+----------+----------------------------------+
| g4        | BUFG/O          | n/a               | clk_out3_system_clk_wiz_0_0 |       5.000 | {0.000 2.500} |         138 |        0 |              0 |        0 | system_i/clk_wiz_0/inst/clk_out3 |
+-----------+-----------------+-------------------+-----------------------------+-------------+---------------+-------------+----------+----------------+----------+----------------------------------+
* Slice Loads column represents load cell count of all cell types other than IO, GT and clock resources
** IO Loads column represents load cell count of IO types
*** Clocking Loads column represents load cell count that are clock resources (global clock buffer, MMCM, PLL, etc)
**** GT Loads column represents load cell count of GT types


+----+------+----+-----------------------+
|    | X0   | X1 | HORIZONTAL PROG DELAY |
+----+------+----+-----------------------+
| Y2 |  122 |  6 |                     0 |
| Y1 |    2 |  8 |                     0 |
| Y0 |    0 |  0 |                     - |
+----+------+----+-----------------------+


12. Device Cell Placement Summary for Global Clock g5
-----------------------------------------------------

+-----------+-----------------+-------------------+------------+-------------+---------------+-------------+----------+----------------+----------+----------------------------------------------+
| Global Id | Driver Type/Pin | Driver Region (D) | Clock      | Period (ns) | Waveform (ns) | Slice Loads | IO Loads | Clocking Loads | GT Loads | Net                                          |
+-----------+-----------------+-------------------+------------+-------------+---------------+-------------+----------+----------------+----------+----------------------------------------------+
| g5        | BUFG/O          | n/a               | clk_fpga_0 |      10.000 | {0.000 5.000} |           0 |        0 |              2 |        0 | system_i/processing_system7_0/inst/FCLK_CLK0 |
+-----------+-----------------+-------------------+------------+-------------+---------------+-------------+----------+----------------+----------+----------------------------------------------+
* Slice Loads column represents load cell count of all cell types other than IO, GT and clock resources
** IO Loads column represents load cell count of IO types
*** Clocking Loads column represents load cell count that are clock resources (global clock buffer, MMCM, PLL, etc)
**** GT Loads column represents load cell count of GT types


+----+----+----+-----------------------+
|    | X0 | X1 | HORIZONTAL PROG DELAY |
+----+----+----+-----------------------+
| Y2 |  0 |  1 |                     0 |
| Y1 |  0 |  0 |                     - |
| Y0 |  0 |  1 |                     0 |
+----+----+----+-----------------------+


13. Clock Region Cell Placement per Global Clock: Region X0Y0
-------------------------------------------------------------

+-----------+-------+-----------------+------------+-------------+-----------------+-----+-------------+------+-----+----+------+-----+---------+----------------------------------+
| Global Id | Track | Driver Type/Pin | Constraint | Clock Loads | Non-Clock Loads | FF  | Memory LUTs | RAMB | DSP | GT | MMCM | PLL | Hard IP | Net                              |
+-----------+-------+-----------------+------------+-------------+-----------------+-----+-------------+------+-----+----+------+-----+---------+----------------------------------+
| g1        | n/a   | BUFG/O          | None       |        1054 |               0 | 974 |          76 |    2 |   0 |  0 |    0 |   0 |       0 | system_i/clk_wiz_0/inst/clk_out2 |
| g2        | n/a   | BUFG/O          | None       |          32 |               0 |  32 |           0 |    0 |   0 |  0 |    0 |   0 |       0 | system_i/clk_wiz_0/inst/clk_out1 |
+-----------+-------+-----------------+------------+-------------+-----------------+-----+-------------+------+-----+----+------+-----+---------+----------------------------------+
* Clock Loads column represents the clock pin loads (pin count)
** Non-Clock Loads column represents the non-clock pin loads (pin count)
*** Columns FF, LUTRAM, RAMB through 'Hard IP' represents load cell counts


14. Clock Region Cell Placement per Global Clock: Region X1Y0
-------------------------------------------------------------

+-----------+-------+-----------------+------------+-------------+-----------------+-----+-------------+------+-----+----+------+-----+---------+----------------------------------------------+
| Global Id | Track | Driver Type/Pin | Constraint | Clock Loads | Non-Clock Loads | FF  | Memory LUTs | RAMB | DSP | GT | MMCM | PLL | Hard IP | Net                                          |
+-----------+-------+-----------------+------------+-------------+-----------------+-----+-------------+------+-----+----+------+-----+---------+----------------------------------------------+
| g1        | n/a   | BUFG/O          | None       |         260 |               0 | 258 |           0 |    1 |   0 |  0 |    0 |   0 |       0 | system_i/clk_wiz_0/inst/clk_out2             |
| g2        | n/a   | BUFG/O          | None       |          32 |               0 |  32 |           0 |    0 |   0 |  0 |    0 |   0 |       0 | system_i/clk_wiz_0/inst/clk_out1             |
| g5        | n/a   | BUFG/O          | None       |           1 |               0 |   0 |           0 |    0 |   0 |  0 |    1 |   0 |       0 | system_i/processing_system7_0/inst/FCLK_CLK0 |
+-----------+-------+-----------------+------------+-------------+-----------------+-----+-------------+------+-----+----+------+-----+---------+----------------------------------------------+
* Clock Loads column represents the clock pin loads (pin count)
** Non-Clock Loads column represents the non-clock pin loads (pin count)
*** Columns FF, LUTRAM, RAMB through 'Hard IP' represents load cell counts


15. Clock Region Cell Placement per Global Clock: Region X0Y1
-------------------------------------------------------------

+-----------+-------+-----------------+------------+-------------+-----------------+------+-------------+------+-----+----+------+-----+---------+----------------------------------+
| Global Id | Track | Driver Type/Pin | Constraint | Clock Loads | Non-Clock Loads | FF   | Memory LUTs | RAMB | DSP | GT | MMCM | PLL | Hard IP | Net                              |
+-----------+-------+-----------------+------------+-------------+-----------------+------+-------------+------+-----+----+------+-----+---------+----------------------------------+
| g1        | n/a   | BUFG/O          | None       |        2014 |               0 | 1800 |         210 |    2 |   0 |  0 |    0 |   0 |       0 | system_i/clk_wiz_0/inst/clk_out2 |
| g2        | n/a   | BUFG/O          | None       |        1234 |               0 | 1184 |          50 |    0 |   0 |  0 |    0 |   0 |       0 | system_i/clk_wiz_0/inst/clk_out1 |
| g4        | n/a   | BUFG/O          | None       |           2 |               0 |    2 |           0 |    0 |   0 |  0 |    0 |   0 |       0 | system_i/clk_wiz_0/inst/clk_out3 |
+-----------+-------+-----------------+------------+-------------+-----------------+------+-------------+------+-----+----+------+-----+---------+----------------------------------+
* Clock Loads column represents the clock pin loads (pin count)
** Non-Clock Loads column represents the non-clock pin loads (pin count)
*** Columns FF, LUTRAM, RAMB through 'Hard IP' represents load cell counts


16. Clock Region Cell Placement per Global Clock: Region X1Y1
-------------------------------------------------------------

+-----------+-------+-----------------+------------+-------------+-----------------+------+-------------+------+-----+----+------+-----+---------+----------------------------------+
| Global Id | Track | Driver Type/Pin | Constraint | Clock Loads | Non-Clock Loads | FF   | Memory LUTs | RAMB | DSP | GT | MMCM | PLL | Hard IP | Net                              |
+-----------+-------+-----------------+------------+-------------+-----------------+------+-------------+------+-----+----+------+-----+---------+----------------------------------+
| g1        | n/a   | BUFG/O          | None       |        1425 |               0 | 1424 |           0 |    1 |   0 |  0 |    0 |   0 |       0 | system_i/clk_wiz_0/inst/clk_out2 |
| g2        | n/a   | BUFG/O          | None       |        2608 |               0 | 2608 |           0 |    0 |   0 |  0 |    0 |   0 |       0 | system_i/clk_wiz_0/inst/clk_out1 |
| g4        | n/a   | BUFG/O          | None       |           8 |               0 |    8 |           0 |    0 |   0 |  0 |    0 |   0 |       0 | system_i/clk_wiz_0/inst/clk_out3 |
+-----------+-------+-----------------+------------+-------------+-----------------+------+-------------+------+-----+----+------+-----+---------+----------------------------------+
* Clock Loads column represents the clock pin loads (pin count)
** Non-Clock Loads column represents the non-clock pin loads (pin count)
*** Columns FF, LUTRAM, RAMB through 'Hard IP' represents load cell counts


17. Clock Region Cell Placement per Global Clock: Region X0Y2
-------------------------------------------------------------

+-----------+-------+-----------------+------------+-------------+-----------------+-----+-------------+------+-----+----+------+-----+---------+----------------------------------+
| Global Id | Track | Driver Type/Pin | Constraint | Clock Loads | Non-Clock Loads | FF  | Memory LUTs | RAMB | DSP | GT | MMCM | PLL | Hard IP | Net                              |
+-----------+-------+-----------------+------------+-------------+-----------------+-----+-------------+------+-----+----+------+-----+---------+----------------------------------+
| g1        | n/a   | BUFG/O          | None       |         337 |               0 | 335 |           0 |    1 |   0 |  0 |    0 |   0 |       0 | system_i/clk_wiz_0/inst/clk_out2 |
| g2        | n/a   | BUFG/O          | None       |         271 |               0 | 252 |          18 |    0 |   0 |  0 |    0 |   0 |       0 | system_i/clk_wiz_0/inst/clk_out1 |
| g4        | n/a   | BUFG/O          | None       |         122 |               0 | 122 |           0 |    0 |   0 |  0 |    0 |   0 |       0 | system_i/clk_wiz_0/inst/clk_out3 |
+-----------+-------+-----------------+------------+-------------+-----------------+-----+-------------+------+-----+----+------+-----+---------+----------------------------------+
* Clock Loads column represents the clock pin loads (pin count)
** Non-Clock Loads column represents the non-clock pin loads (pin count)
*** Columns FF, LUTRAM, RAMB through 'Hard IP' represents load cell counts


18. Clock Region Cell Placement per Global Clock: Region X1Y2
-------------------------------------------------------------

+-----------+-------+-----------------+------------+-------------+-----------------+-------+-------------+------+-----+----+------+-----+---------+-------------------------------------------------------+
| Global Id | Track | Driver Type/Pin | Constraint | Clock Loads | Non-Clock Loads | FF    | Memory LUTs | RAMB | DSP | GT | MMCM | PLL | Hard IP | Net                                                   |
+-----------+-------+-----------------+------------+-------------+-----------------+-------+-------------+------+-----+----+------+-----+---------+-------------------------------------------------------+
| g0        | n/a   | BUFR/O          | None       |       13869 |               0 | 13842 |          14 |    1 |   4 |  0 |    0 |   0 |       0 | system_i/DVIClocking_0/U0/PixelClk                    |
| g1        | n/a   | BUFG/O          | None       |          11 |               0 |    10 |           0 |    1 |   0 |  0 |    0 |   0 |       0 | system_i/clk_wiz_0/inst/clk_out2                      |
| g2        | n/a   | BUFG/O          | None       |           1 |               0 |     0 |           0 |    0 |   0 |  0 |    1 |   0 |       0 | system_i/clk_wiz_0/inst/clk_out1                      |
| g3        | n/a   | BUFR/O          | None       |         291 |               0 |   285 |           0 |    0 |   0 |  0 |    0 |   0 |       0 | system_i/MIPI_D_PHY_RX_0/U0/ClockLane/HSClockingX/CLK |
| g4        | n/a   | BUFG/O          | None       |           6 |               0 |     2 |           0 |    0 |   0 |  0 |    0 |   0 |       0 | system_i/clk_wiz_0/inst/clk_out3                      |
| g5        | n/a   | BUFG/O          | None       |           1 |               0 |     0 |           0 |    0 |   0 |  0 |    1 |   0 |       0 | system_i/processing_system7_0/inst/FCLK_CLK0          |
+-----------+-------+-----------------+------------+-------------+-----------------+-------+-------------+------+-----+----+------+-----+---------+-------------------------------------------------------+
* Clock Loads column represents the clock pin loads (pin count)
** Non-Clock Loads column represents the non-clock pin loads (pin count)
*** Columns FF, LUTRAM, RAMB through 'Hard IP' represents load cell counts



# Location of BUFG Primitives 
set_property LOC BUFGCTRL_X0Y16 [get_cells system_i/processing_system7_0/inst/buffer_fclk_clk_0.FCLK_CLK_0_BUFG]
set_property LOC BUFGCTRL_X0Y2 [get_cells system_i/clk_wiz_0/inst/clkout3_buf]
set_property LOC BUFGCTRL_X0Y0 [get_cells system_i/clk_wiz_0/inst/clkout2_buf]
set_property LOC BUFGCTRL_X0Y1 [get_cells system_i/clk_wiz_0/inst/clkout1_buf]

# Location of BUFIO Primitives 
set_property LOC BUFIO_X1Y8 [get_cells system_i/MIPI_D_PHY_RX_0/U0/ClockLane/HSClockingX/SerialClkBuffer]
set_property LOC BUFIO_X1Y9 [get_cells system_i/DVIClocking_0/U0/SerialClkBuffer]

# Location of BUFR Primitives 
set_property LOC BUFR_X1Y9 [get_cells system_i/MIPI_D_PHY_RX_0/U0/ClockLane/HSClockingX/DivClkBuffer]
set_property LOC BUFR_X1Y8 [get_cells system_i/DVIClocking_0/U0/PixelClkBuffer]

# Location of IO Primitives which is load of clock spine

# Location of clock ports

# Clock net "system_i/clk_wiz_0/inst/clk_out3" driven by instance "system_i/clk_wiz_0/inst/clkout3_buf" located at site "BUFGCTRL_X0Y2"
#startgroup
create_pblock {CLKAG_system_i/clk_wiz_0/inst/clk_out3}
add_cells_to_pblock [get_pblocks  {CLKAG_system_i/clk_wiz_0/inst/clk_out3}] [get_cells -filter { PRIMITIVE_GROUP != I/O && IS_PRIMITIVE==1 && PRIMITIVE_LEVEL !=INTERNAL } -of_object [get_pins -filter {DIRECTION==IN} -of_objects [get_nets -hierarchical -filter {PARENT=="system_i/clk_wiz_0/inst/clk_out3"}]]]
resize_pblock [get_pblocks {CLKAG_system_i/clk_wiz_0/inst/clk_out3}] -add {CLOCKREGION_X0Y1:CLOCKREGION_X0Y1 CLOCKREGION_X0Y2:CLOCKREGION_X0Y2 CLOCKREGION_X1Y1:CLOCKREGION_X1Y1 CLOCKREGION_X1Y2:CLOCKREGION_X1Y2}
#endgroup

# Clock net "system_i/clk_wiz_0/inst/clk_out2" driven by instance "system_i/clk_wiz_0/inst/clkout2_buf" located at site "BUFGCTRL_X0Y0"
#startgroup
create_pblock {CLKAG_system_i/clk_wiz_0/inst/clk_out2}
add_cells_to_pblock [get_pblocks  {CLKAG_system_i/clk_wiz_0/inst/clk_out2}] [get_cells -filter { PRIMITIVE_GROUP != I/O && IS_PRIMITIVE==1 && PRIMITIVE_LEVEL !=INTERNAL } -of_object [get_pins -filter {DIRECTION==IN} -of_objects [get_nets -hierarchical -filter {PARENT=="system_i/clk_wiz_0/inst/clk_out2"}]]]
resize_pblock [get_pblocks {CLKAG_system_i/clk_wiz_0/inst/clk_out2}] -add {CLOCKREGION_X0Y0:CLOCKREGION_X0Y0 CLOCKREGION_X0Y1:CLOCKREGION_X0Y1 CLOCKREGION_X0Y2:CLOCKREGION_X0Y2 CLOCKREGION_X1Y0:CLOCKREGION_X1Y0 CLOCKREGION_X1Y1:CLOCKREGION_X1Y1 CLOCKREGION_X1Y2:CLOCKREGION_X1Y2}
#endgroup

# Clock net "system_i/clk_wiz_0/inst/clk_out1" driven by instance "system_i/clk_wiz_0/inst/clkout1_buf" located at site "BUFGCTRL_X0Y1"
#startgroup
create_pblock {CLKAG_system_i/clk_wiz_0/inst/clk_out1}
add_cells_to_pblock [get_pblocks  {CLKAG_system_i/clk_wiz_0/inst/clk_out1}] [get_cells -filter { PRIMITIVE_GROUP != I/O && IS_PRIMITIVE==1 && PRIMITIVE_LEVEL !=INTERNAL && NAME!=system_i/video_dynclk/inst/CLK_CORE_DRP_I/clk_inst/mmcm_adv_inst} -of_object [get_pins -filter {DIRECTION==IN} -of_objects [get_nets -hierarchical -filter {PARENT=="system_i/clk_wiz_0/inst/clk_out1"}]]]
resize_pblock [get_pblocks {CLKAG_system_i/clk_wiz_0/inst/clk_out1}] -add {CLOCKREGION_X0Y0:CLOCKREGION_X0Y0 CLOCKREGION_X0Y1:CLOCKREGION_X0Y1 CLOCKREGION_X0Y2:CLOCKREGION_X0Y2 CLOCKREGION_X1Y0:CLOCKREGION_X1Y0 CLOCKREGION_X1Y1:CLOCKREGION_X1Y1}
#endgroup

# Clock net "system_i/MIPI_D_PHY_RX_0/U0/ClockLane/HSClockingX/CLK" driven by instance "system_i/MIPI_D_PHY_RX_0/U0/ClockLane/HSClockingX/DivClkBuffer" located at site "BUFR_X1Y9"
#startgroup
create_pblock {CLKAG_system_i/MIPI_D_PHY_RX_0/U0/ClockLane/HSClockingX/CLK}
add_cells_to_pblock [get_pblocks  {CLKAG_system_i/MIPI_D_PHY_RX_0/U0/ClockLane/HSClockingX/CLK}] [get_cells -filter { PRIMITIVE_GROUP != I/O && IS_PRIMITIVE==1 && PRIMITIVE_LEVEL !=INTERNAL } -of_object [get_pins -filter {DIRECTION==IN} -of_objects [get_nets -hierarchical -filter {PARENT=="system_i/MIPI_D_PHY_RX_0/U0/ClockLane/HSClockingX/CLK"}]]]
resize_pblock [get_pblocks {CLKAG_system_i/MIPI_D_PHY_RX_0/U0/ClockLane/HSClockingX/CLK}] -add {CLOCKREGION_X1Y2:CLOCKREGION_X1Y2}
#endgroup

# Clock net "system_i/DVIClocking_0/U0/PixelClk" driven by instance "system_i/DVIClocking_0/U0/PixelClkBuffer" located at site "BUFR_X1Y8"
#startgroup
create_pblock {CLKAG_system_i/DVIClocking_0/U0/PixelClk}
add_cells_to_pblock [get_pblocks  {CLKAG_system_i/DVIClocking_0/U0/PixelClk}] [get_cells -filter { PRIMITIVE_GROUP != I/O && IS_PRIMITIVE==1 && PRIMITIVE_LEVEL !=INTERNAL } -of_object [get_pins -filter {DIRECTION==IN} -of_objects [get_nets -hierarchical -filter {PARENT=="system_i/DVIClocking_0/U0/PixelClk"}]]]
resize_pblock [get_pblocks {CLKAG_system_i/DVIClocking_0/U0/PixelClk}] -add {CLOCKREGION_X1Y2:CLOCKREGION_X1Y2}
#endgroup
