Copyright 1986-2021 Xilinx, Inc. All Rights Reserved.
----------------------------------------------------------------------------------------------------------------------------------------------------------------
| Tool Version     : Vivado v.2021.2 (lin64) Build 3367213 Tue Oct 19 02:47:39 MDT 2021
| Date             : Thu Apr 21 12:10:53 2022
| Host             : pioneer running 64-bit Ubuntu 21.04
| Command          : report_power -file system_wrapper_power_routed.rpt -pb system_wrapper_power_summary_routed.pb -rpx system_wrapper_power_routed.rpx
| Design           : system_wrapper
| Device           : xc7z020clg400-1
| Design State     : routed
| Grade            : commercial
| Process          : typical
| Characterization : Production
----------------------------------------------------------------------------------------------------------------------------------------------------------------

Power Report

Table of Contents
-----------------
1. Summary
1.1 On-Chip Components
1.2 Power Supply Summary
1.3 Confidence Level
2. Settings
2.1 Environment
2.2 Clock Constraints
3. Detailed Reports
3.1 By Hierarchy

1. Summary
----------

+--------------------------+--------------+
| Total On-Chip Power (W)  | 1.983        |
| Design Power Budget (W)  | Unspecified* |
| Power Budget Margin (W)  | NA           |
| Dynamic (W)              | 1.830        |
| Device Static (W)        | 0.154        |
| Effective TJA (C/W)      | 11.5         |
| Max Ambient (C)          | 62.1         |
| Junction Temperature (C) | 47.9         |
| Confidence Level         | Low          |
| Setting File             | ---          |
| Simulation Activity File | ---          |
| Design Nets Matched      | NA           |
+--------------------------+--------------+
* Specify Design Power Budget using, set_operating_conditions -design_power_budget <value in Watts>


1.1 On-Chip Components
----------------------

+--------------------------+-----------+----------+-----------+-----------------+
| On-Chip                  | Power (W) | Used     | Available | Utilization (%) |
+--------------------------+-----------+----------+-----------+-----------------+
| Clocks                   |     0.094 |       12 |       --- |             --- |
| Slice Logic              |     0.018 |    44196 |       --- |             --- |
|   LUT as Logic           |     0.015 |    13552 |     53200 |           25.47 |
|   CARRY4                 |     0.001 |     1567 |     13300 |           11.78 |
|   Register               |    <0.001 |    23203 |    106400 |           21.81 |
|   F7/F8 Muxes            |    <0.001 |     1075 |     53200 |            2.02 |
|   LUT as Distributed RAM |    <0.001 |       60 |     17400 |            0.34 |
|   LUT as Shift Register  |    <0.001 |      239 |     17400 |            1.37 |
|   Others                 |     0.000 |     2766 |       --- |             --- |
| Signals                  |     0.023 |    30968 |       --- |             --- |
| Block RAM                |     0.006 |     10.5 |       140 |            7.50 |
| MMCM                     |     0.191 |        2 |         4 |           50.00 |
| DSPs                     |     0.000 |        4 |       220 |            1.82 |
| I/O                      |     0.085 |       47 |       125 |           37.60 |
| PS7                      |     1.412 |        1 |       --- |             --- |
| Static Power             |     0.154 |          |           |                 |
| Total                    |     1.983 |          |           |                 |
+--------------------------+-----------+----------+-----------+-----------------+


1.2 Power Supply Summary
------------------------

+-----------+-------------+-----------+-------------+------------+-------------+-------------+------------+
| Source    | Voltage (V) | Total (A) | Dynamic (A) | Static (A) | Powerup (A) | Budget (A)  | Margin (A) |
+-----------+-------------+-----------+-------------+------------+-------------+-------------+------------+
| Vccint    |       1.000 |     0.167 |       0.150 |      0.017 |       NA    | Unspecified | NA         |
| Vccaux    |       1.800 |     0.146 |       0.129 |      0.016 |       NA    | Unspecified | NA         |
| Vcco33    |       3.300 |     0.012 |       0.011 |      0.001 |       NA    | Unspecified | NA         |
| Vcco25    |       2.500 |     0.000 |       0.000 |      0.000 |       NA    | Unspecified | NA         |
| Vcco18    |       1.800 |     0.000 |       0.000 |      0.000 |       NA    | Unspecified | NA         |
| Vcco15    |       1.500 |     0.000 |       0.000 |      0.000 |       NA    | Unspecified | NA         |
| Vcco135   |       1.350 |     0.000 |       0.000 |      0.000 |       NA    | Unspecified | NA         |
| Vcco12    |       1.200 |     0.000 |       0.000 |      0.000 |       NA    | Unspecified | NA         |
| Vccaux_io |       1.800 |     0.000 |       0.000 |      0.000 |       NA    | Unspecified | NA         |
| Vccbram   |       1.000 |     0.002 |       0.000 |      0.002 |       NA    | Unspecified | NA         |
| MGTAVcc   |       1.000 |     0.000 |       0.000 |      0.000 |       NA    | Unspecified | NA         |
| MGTAVtt   |       1.200 |     0.000 |       0.000 |      0.000 |       NA    | Unspecified | NA         |
| MGTVccaux |       1.800 |     0.000 |       0.000 |      0.000 |       NA    | Unspecified | NA         |
| Vccpint   |       1.000 |     0.763 |       0.730 |      0.034 |       NA    | Unspecified | NA         |
| Vccpaux   |       1.800 |     0.062 |       0.051 |      0.010 |       NA    | Unspecified | NA         |
| Vccpll    |       1.800 |     0.017 |       0.014 |      0.003 |       NA    | Unspecified | NA         |
| Vcco_ddr  |       1.350 |     0.413 |       0.411 |      0.002 |       NA    | Unspecified | NA         |
| Vcco_mio0 |       3.300 |     0.003 |       0.002 |      0.001 |       NA    | Unspecified | NA         |
| Vcco_mio1 |       1.800 |     0.003 |       0.002 |      0.001 |       NA    | Unspecified | NA         |
| Vccadc    |       1.800 |     0.020 |       0.000 |      0.020 |       NA    | Unspecified | NA         |
+-----------+-------------+-----------+-------------+------------+-------------+-------------+------------+


1.3 Confidence Level
--------------------

+-----------------------------+------------+--------------------------------------------------------+------------------------------------------------------------------------------------------------------------+
| User Input Data             | Confidence | Details                                                | Action                                                                                                     |
+-----------------------------+------------+--------------------------------------------------------+------------------------------------------------------------------------------------------------------------+
| Design implementation state | High       | Design is routed                                       |                                                                                                            |
| Clock nodes activity        | High       | User specified more than 95% of clocks                 |                                                                                                            |
| I/O nodes activity          | Low        | More than 75% of inputs are missing user specification | Provide missing input activity with simulation results or by editing the "By Resource Type -> I/Os" view   |
| Internal nodes activity     | Medium     | User specified less than 25% of internal nodes         | Provide missing internal nodes activity with simulation results or by editing the "By Resource Type" views |
| Device models               | High       | Device models are Production                           |                                                                                                            |
|                             |            |                                                        |                                                                                                            |
| Overall confidence level    | Low        |                                                        |                                                                                                            |
+-----------------------------+------------+--------------------------------------------------------+------------------------------------------------------------------------------------------------------------+


2. Settings
-----------

2.1 Environment
---------------

+-----------------------+------------------------+
| Ambient Temp (C)      | 25.0                   |
| ThetaJA (C/W)         | 11.5                   |
| Airflow (LFM)         | 250                    |
| Heat Sink             | none                   |
| ThetaSA (C/W)         | 0.0                    |
| Board Selection       | medium (10"x10")       |
| # of Board Layers     | 8to11 (8 to 11 Layers) |
| Board Temperature (C) | 25.0                   |
+-----------------------+------------------------+


2.2 Clock Constraints
---------------------

+--------------------------------+-----------------------------------------------------------------------------------+-----------------+
| Clock                          | Domain                                                                            | Constraint (ns) |
+--------------------------------+-----------------------------------------------------------------------------------+-----------------+
| MIPI_D_PHY_RX_0_RxByteClkHS    | system_i/MIPI_D_PHY_RX_0/U0/ClockLane/HSClockingX/CLK                             |            19.0 |
| clk_fpga_0                     | system_i/processing_system7_0/inst/FCLK_CLK_unbuffered[0]                         |            10.0 |
| clk_out1_system_clk_wiz_0_0    | system_i/clk_wiz_0/inst/clk_out1_system_clk_wiz_0_0                               |            20.0 |
| clk_out2_system_clk_wiz_0_0    | system_i/clk_wiz_0/inst/clk_out2_system_clk_wiz_0_0                               |             6.7 |
| clk_out3_system_clk_wiz_0_0    | system_i/clk_wiz_0/inst/clk_out3_system_clk_wiz_0_0                               |             5.0 |
| clkfbout_system_clk_wiz_0_0    | system_i/clk_wiz_0/inst/clkfbout_system_clk_wiz_0_0                               |            10.0 |
| clkfbout_system_video_dynclk_0 | system_i/video_dynclk/inst/CLK_CORE_DRP_I/clk_inst/clkfbout_system_video_dynclk_0 |            50.0 |
| dphy_hs_clock_p                | dphy_hs_clock_clk_p                                                               |             4.8 |
| pixel_dynclk                   | system_i/DVIClocking_0/U0/PixelClk                                                |             6.7 |
| video_dynclk                   | system_i/video_dynclk/inst/CLK_CORE_DRP_I/clk_inst/pxl_clk_5x                     |             1.7 |
+--------------------------------+-----------------------------------------------------------------------------------+-----------------+


3. Detailed Reports
-------------------

3.1 By Hierarchy
----------------

+---------------------------+-----------+
| Name                      | Power (W) |
+---------------------------+-----------+
| system_wrapper            |     1.830 |
|   cam_gpio_tri_iobuf_0    |     0.004 |
|   cam_iic_scl_iobuf       |     0.004 |
|   cam_iic_sda_iobuf       |     0.004 |
|   system_i                |     1.815 |
|     AXI_BayerToRGB_1      |     0.006 |
|       U0                  |     0.006 |
|     AXI_GammaCorrection_0 |     0.007 |
|       U0                  |     0.007 |
|     MIPI_CSI_2_RX_0       |     0.008 |
|       U0                  |     0.008 |
|     MIPI_D_PHY_RX_0       |     0.054 |
|       U0                  |     0.054 |
|     axi_mem_intercon_1    |     0.001 |
|       s00_couplers        |     0.001 |
|     axi_vdma_0            |     0.031 |
|       U0                  |     0.031 |
|     clk_wiz_0             |     0.087 |
|       inst                |     0.087 |
|     motor_steer_ctrl_0    |     0.002 |
|       U0                  |     0.002 |
|     processing_system7_0  |     1.414 |
|       inst                |     1.414 |
|     ps7_0_axi_periph      |     0.003 |
|       s00_couplers        |     0.002 |
|     rgb2dvi_0             |     0.030 |
|       U0                  |     0.030 |
|     v_axi4s_vid_out_0     |     0.007 |
|       inst                |     0.007 |
|     video_dynclk          |     0.109 |
|       inst                |     0.109 |
|     videoprocessor_0      |     0.044 |
|       U0                  |     0.044 |
|     vtg                   |     0.012 |
|       U0                  |     0.012 |
+---------------------------+-----------+


